[LicensingClient] Error: Code 10 while verifying Licensing Client signature (process Id: 11548, path: "D:/Unity/Unity Hub/UnityLicensingClient_V1/Unity.Licensing.Client.exe")
[Licensing::Module] Warning: LicensingClient has failed validation; ignoring
[LicensingClient] Handshaking with LicensingClient (version: 1.16.1+e780b2e)
[Licensing::Module] Successfully connected to LicensingClient on channel: "LicenseClient-Administrator" (connect: 0.00s, validation: 0.01s, handshake: 0.02s)
Entitlement-based licensing initiated
[Licensing::Module] Error: Access token is unavailable
[LicensingClient] Licenses updated successfully

LICENSE SYSTEM [2025124 14:32:27] Next license update check is after 2025-12-05T06:32:26


LICENSE SYSTEM [2025124 14:32:27] Current license is already valid and activated. Skipping license activation process (Provided username/password will be ignored).
Built from 'HEAD' branch; Version is '2021.3.14f1c1 (3aa525a93a5f) revision 3843365'; Using compiler version '192829333'; Build Type 'Release'
OS: 'Windows 11  (10.0.26200) 64bit Professional' Language: 'zh' Physical Memory: 16197 MB
[Licensing::Module] Serial number assigned to: "F4-3U86-FW5P-UH7W-QQNA-XXXX"
BatchMode: 1, IsHumanControllingUs: 0, StartBugReporterOnCrash: 0, Is64bit: 1, IsPro: 0
[Package Manager] Server::Start -- Port 61160 was selected

COMMAND LINE ARGUMENTS:
C:\Program Files\Unity\Hub\Editor\2021.3.14f1\Editor\Unity.exe
-projectPath
d:\UGit\youyaoqi\client
-play
-batchmode
-quit
-logFile
d:\UGit\youyaoqi\client\unity.log
Successfully changed project path to: d:\UGit\youyaoqi\client
D:/UGit/youyaoqi/client
It looks like another Unity instance is running with this project open.

Multiple Unity instances cannot open the same project.

Project: D:/UGit/youyaoqi/client
Fatal Error! It looks like another Unity instance is running with this project open.

Multiple Unity instances cannot open the same project.

Project: D:/UGit/youyaoqi/client
Crash!!!
SymInit: Symbol-SearchPath: 'C:/Program Files/Unity/Hub/Editor/2021.3.14f1/Editor/Data/Mono;.;D:\UGit\youyaoqi\client;D:\UGit\youyaoqi\client\Library\BurstCache\JIT;C:\Program Files\Unity\Hub\Editor\2021.3.14f1\Editor;C:\Windows;C:\Windows\system32;SRV*C:\websymbols*http://msdl.microsoft.com/download/symbols;', symOptions: 534, UserName: 'Administrator'
OS-Version: 10.0.0
C:\Program Files\Unity\Hub\Editor\2021.3.14f1\Editor\Unity.exe:Unity.exe (00007FF6CDF00000), size: 80683008 (result: 0), SymType: '-deferred-', PDB: '', fileVersion: 2021.3.14.42277
C:\Windows\SYSTEM32\ntdll.dll:ntdll.dll (00007FFC1CF00000), size: 2523136 (result: 0), SymType: '-deferred-', PDB: '', fileVersion: 10.0.26100.6899
C:\Windows\System32\KERNEL32.DLL:KERNEL32.DLL (00007FFC1C570000), size: 823296 (result: 0), SymType: '-deferred-', PDB: '', fileVersion: 10.0.26100.6725
C:\Windows\System32\KERNELBASE.dll:KERNELBASE.dll (00007FFC1A8D0000), size: 4136960 (result: 0), SymType: '-deferred-', PDB: '', fileVersion: 10.0.26100.6899
C:\Windows\System32\user32.dll:user32.dll (00007FFC1CC80000), size: 1855488 (result: 0), SymType: '-deferred-', PDB: '', fileVersion: 10.0.26100.6725
C:\Windows\System32\win32u.dll:win32u.dll (00007FFC1A090000), size: 159744 (result: 0), SymType: '-deferred-', PDB: '', fileVersion: 10.0.26100.6899
C:\Windows\System32\GDI32.dll:GDI32.dll (00007FFC1B670000), size: 176128 (result: 0), SymType: '-deferred-', PDB: '', fileVersion: 10.0.26100.6725
C:\Windows\System32\gdi32full.dll:gdi32full.dll (00007FFC1A7A0000), size: 1232896 (result: 0), SymType: '-deferred-', PDB: '', fileVersion: 10.0.26100.6899
C:\Windows\System32\msvcp_win.dll:msvcp_win.dll (00007FFC1A390000), size: 667648 (result: 0), SymType: '-deferred-', PDB: '', fileVersion: 10.0.26100.6899
C:\Windows\System32\ucrtbase.dll:ucrtbase.dll (00007FFC1A5B0000), size: 1355776 (result: 0), SymType: '-deferred-', PDB: '', fileVersion: 10.0.26100.6899
C:\Windows\System32\advapi32.dll:advapi32.dll (00007FFC1BB90000), size: 737280 (result: 0), SymType: '-deferred-', PDB: '', fileVersion: 10.0.26100.6725
C:\Windows\System32\msvcrt.dll:msvcrt.dll (00007FFC1CB00000), size: 692224 (result: 0), SymType: '-deferred-', PDB: '', fileVersion: 7.0.26100.6899
C:\Windows\System32\sechost.dll:sechost.dll (00007FFC1AF70000), size: 679936 (result: 0), SymType: '-deferred-', PDB: '', fileVersion: 10.0.26100.6899
C:\Windows\System32\RPCRT4.dll:RPCRT4.dll (00007FFC1C750000), size: 1146880 (result: 0), SymType: '-deferred-', PDB: '', fileVersion: 10.0.26100.6899
C:\Windows\System32\shell32.dll:shell32.dll (00007FFC1BC50000), size: 7655424 (result: 0), SymType: '-deferred-', PDB: '', fileVersion: 10.0.26100.6899
C:\Windows\SYSTEM32\iphlpapi.dll:iphlpapi.dll (00007FFC18820000), size: 212992 (result: 0), SymType: '-deferred-', PDB: '', fileVersion: 10.0.26100.6725
C:\Windows\System32\wintypes.dll:wintypes.dll (00007FFC1A440000), size: 1486848 (result: 0), SymType: '-deferred-', PDB: '', fileVersion: 10.0.26100.6899
C:\Windows\System32\combase.dll:combase.dll (00007FFC1B6B0000), size: 3649536 (result: 0), SymType: '-deferred-', PDB: '', fileVersion: 10.0.26100.6899
C:\Windows\System32\setupapi.dll:setupapi.dll (00007FFC1B1E0000), size: 4751360 (result: 0), SymType: '-deferred-', PDB: '', fileVersion: 10.0.26100.6725
C:\Windows\System32\psapi.dll:psapi.dll (00007FFC1C740000), size: 32768 (result: 0), SymType: '-deferred-', PDB: '', fileVersion: 10.0.26100.1
C:\Windows\SYSTEM32\hid.dll:hid.dll (00007FFC18520000), size: 61440 (result: 0), SymType: '-deferred-', PDB: '', fileVersion: 10.0.26100.1150
C:\Windows\System32\WS2_32.dll:WS2_32.dll (00007FFC1CC00000), size: 475136 (result: 0), SymType: '-deferred-', PDB: '', fileVersion: 10.0.26100.6899
C:\Windows\System32\WINTRUST.dll:WINTRUST.dll (00007FFC1A240000), size: 520192 (result: 0), SymType: '-deferred-', PDB: '', fileVersion: 10.0.26100.6899
C:\Windows\SYSTEM32\dhcpcsvc.dll:dhcpcsvc.dll (00007FFC13EC0000), size: 143360 (result: 0), SymType: '-deferred-', PDB: '', fileVersion: 10.0.26100.6899
C:\Windows\SYSTEM32\wsock32.dll:wsock32.dll (00007FFC14FF0000), size: 40960 (result: 0), SymType: '-deferred-', PDB: '', fileVersion: 10.0.26100.1
C:\Windows\SYSTEM32\dhcpcsvc6.dll:dhcpcsvc6.dll (00007FFC14170000), size: 122880 (result: 0), SymType: '-deferred-', PDB: '', fileVersion: 10.0.26100.6899
C:\Windows\System32\OLEAUT32.dll:OLEAUT32.dll (00007FFC1BA30000), size: 880640 (result: 0), SymType: '-deferred-', PDB: '', fileVersion: 10.0.26100.6725
C:\Windows\System32\IMM32.dll:IMM32.dll (00007FFC1CBC0000), size: 192512 (result: 0), SymType: '-deferred-', PDB: '', fileVersion: 10.0.26100.4484
C:\Program Files\Unity\Hub\Editor\2021.3.14f1\Editor\optix.6.0.0.dll:optix.6.0.0.dll (00007FFB4AF20000), size: 208896 (result: 0), SymType: '-deferred-', PDB: '', fileVersion: 6.0.0.0
C:\Windows\System32\ole32.dll:ole32.dll (00007FFC1ADD0000), size: 1671168 (result: 0), SymType: '-deferred-', PDB: '', fileVersion: 10.0.26100.6725
C:\Program Files\Unity\Hub\Editor\2021.3.14f1\Editor\s3tcompress.dll:s3tcompress.dll (00007FFBC4480000), size: 180224 (result: 0), SymType: '-deferred-', PDB: ''
C:\Program Files\Unity\Hub\Editor\2021.3.14f1\Editor\libfbxsdk.dll:libfbxsdk.dll (00007FFB05310000), size: 10215424 (result: 0), SymType: '-deferred-', PDB: '', fileVersion: 2020.2.0.0
C:\Windows\System32\SHLWAPI.dll:SHLWAPI.dll (00007FFC1CE50000), size: 401408 (result: 0), SymType: '-deferred-', PDB: '', fileVersion: 10.0.26100.6725
C:\Program Files\Unity\Hub\Editor\2021.3.14f1\Editor\etccompress.dll:etccompress.dll (00007FFB0E330000), size: 5066752 (result: 0), SymType: '-deferred-', PDB: ''
C:\Windows\System32\CRYPT32.dll:CRYPT32.dll (00007FFC1A0C0000), size: 1536000 (result: 0), SymType: '-deferred-', PDB: '', fileVersion: 10.0.26100.5074
C:\Program Files\Unity\Hub\Editor\2021.3.14f1\Editor\ispc_texcomp.dll:ispc_texcomp.dll (00007FFB0E180000), size: 1740800 (result: 0), SymType: '-deferred-', PDB: ''
C:\Program Files\Unity\Hub\Editor\2021.3.14f1\Editor\compress_bc7e.dll:compress_bc7e.dll (00007FFB051B0000), size: 1441792 (result: 0), SymType: '-deferred-', PDB: ''
C:\Program Files\Unity\Hub\Editor\2021.3.14f1\Editor\FreeImage.dll:FreeImage.dll (0000000180000000), size: 6582272 (result: 0), SymType: '-deferred-', PDB: '', fileVersion: 3.18.0.0
C:\Program Files\Unity\Hub\Editor\2021.3.14f1\Editor\WinPixEventRuntime.dll:WinPixEventRuntime.dll (00007FFBFFB80000), size: 45056 (result: 0), SymType: '-deferred-', PDB: '', fileVersion: 1.0.1812.6001
C:\Program Files\Unity\Hub\Editor\2021.3.14f1\Editor\umbraoptimizer64.dll:umbraoptimizer64.dll (00007FFB12330000), size: 1187840 (result: 0), SymType: '-deferred-', PDB: ''
C:\Program Files\Unity\Hub\Editor\2021.3.14f1\Editor\RadeonImageFilters.dll:RadeonImageFilters.dll (00007FFB02030000), size: 2961408 (result: 0), SymType: '-deferred-', PDB: '', fileVersion: 1.7.0.0
C:\Program Files\Unity\Hub\Editor\2021.3.14f1\Editor\SketchUpAPI.dll:SketchUpAPI.dll (00007FFB01750000), size: 9306112 (result: 0), SymType: '-deferred-', PDB: '', fileVersion: 20.2.172.0
C:\Windows\SYSTEM32\VERSION.dll:VERSION.dll (00007FFC134E0000), size: 45056 (result: 0), SymType: '-deferred-', PDB: '', fileVersion: 10.0.26100.1150
C:\Program Files\Unity\Hub\Editor\2021.3.14f1\Editor\OpenImageDenoise.dll:OpenImageDenoise.dll (00007FFB02310000), size: 48848896 (result: 0), SymType: '-deferred-', PDB: '', fileVersion: 1.4.2.0
C:\Windows\SYSTEM32\dwmapi.dll:dwmapi.dll (00007FFC17610000), size: 184320 (result: 0), SymType: '-deferred-', PDB: '', fileVersion: 10.0.26100.6899
C:\Windows\SYSTEM32\bcrypt.dll:bcrypt.dll (00007FFC19F80000), size: 155648 (result: 0), SymType: '-deferred-', PDB: '', fileVersion: 10.0.26100.6899
C:\Windows\SYSTEM32\WINMM.dll:WINMM.dll (00007FFC110A0000), size: 217088 (result: 0), SymType: '-deferred-', PDB: '', fileVersion: 10.0.26100.5074
C:\Windows\SYSTEM32\WINHTTP.dll:WINHTTP.dll (00007FFC141B0000), size: 1175552 (result: 0), SymType: '-deferred-', PDB: '', fileVersion: 10.0.26100.6725
C:\Windows\SYSTEM32\GLU32.dll:GLU32.dll (00007FFC058E0000), size: 184320 (result: 0), SymType: '-deferred-', PDB: '', fileVersion: 10.0.26100.1150
C:\Windows\SYSTEM32\OPENGL32.dll:OPENGL32.dll (00007FFC00880000), size: 1097728 (result: 0), SymType: '-deferred-', PDB: '', fileVersion: 10.0.26100.5074
C:\Windows\SYSTEM32\MSVCP140.dll:MSVCP140.dll (00007FFBF4330000), size: 577536 (result: 0), SymType: '-deferred-', PDB: '', fileVersion: 14.42.34433.0
C:\Windows\SYSTEM32\VCRUNTIME140.dll:VCRUNTIME140.dll (00007FFBF4180000), size: 122880 (result: 0), SymType: '-deferred-', PDB: '', fileVersion: 14.42.34433.0
C:\Program Files\Unity\Hub\Editor\2021.3.14f1\Editor\RadeonML.dll:RadeonML.dll (00007FFBACF80000), size: 94208 (result: 0), SymType: '-deferred-', PDB: '', fileVersion: 0.9.11.0
C:\Program Files\Unity\Hub\Editor\2021.3.14f1\Editor\SketchUpCommonPreferences.dll:SketchUpCommonPreferences.dll (00007FFB12B50000), size: 479232 (result: 0), SymType: '-deferred-', PDB: '', fileVersion: 20.2.172.37
C:\Windows\SYSTEM32\Secur32.dll:Secur32.dll (00007FFC171E0000), size: 53248 (result: 0), SymType: '-deferred-', PDB: '', fileVersion: 10.0.26100.1
C:\Program Files\Unity\Hub\Editor\2021.3.14f1\Editor\tbb12.dll:tbb12.dll (00007FFB12C80000), size: 434176 (result: 0), SymType: '-deferred-', PDB: ''
C:\Windows\SYSTEM32\VCRUNTIME140_1.dll:VCRUNTIME140_1.dll (00007FFBF4A60000), size: 49152 (result: 0), SymType: '-deferred-', PDB: '', fileVersion: 14.42.34433.0
C:\Windows\SYSTEM32\dxcore.dll:dxcore.dll (00007FFC17460000), size: 278528 (result: 0), SymType: '-deferred-', PDB: '', fileVersion: 10.0.26100.6725
C:\Program Files\Unity\Hub\Editor\2021.3.14f1\Editor\tbbmalloc.dll:tbbmalloc.dll (00007FFB13D60000), size: 282624 (result: 0), SymType: '-deferred-', PDB: ''
C:\Windows\SYSTEM32\SSPICLI.DLL:SSPICLI.DLL (00007FFC190C0000), size: 299008 (result: 0), SymType: '-deferred-', PDB: '', fileVersion: 10.0.26100.6725
C:\Program Files\Unity\Hub\Editor\2021.3.14f1\Editor\OpenRL.dll:OpenRL.dll (0000024FDDC90000), size: 12779520 (result: 0), SymType: '-deferred-', PDB: '', fileVersion: 1.5.0.2907
C:\Windows\SYSTEM32\MSVCP100.dll:MSVCP100.dll (0000000068630000), size: 622592 (result: 0), SymType: '-deferred-', PDB: '', fileVersion: 10.0.40219.473
C:\Windows\SYSTEM32\MSVCR100.dll:MSVCR100.dll (00000000686D0000), size: 860160 (result: 0), SymType: '-deferred-', PDB: '', fileVersion: 10.0.40219.473
C:\Program Files\Unity\Hub\Editor\2021.3.14f1\Editor\embree.dll:embree.dll (00007FFB00760000), size: 16711680 (result: 0), SymType: '-deferred-', PDB: '', fileVersion: 2.14.0.0
C:\Program Files\Unity\Hub\Editor\2021.3.14f1\Editor\tbb.dll:tbb.dll (00007FFB110E0000), size: 413696 (result: 0), SymType: '-deferred-', PDB: '', fileVersion: 2017.0.2016.1004
C:\Windows\SYSTEM32\MSVCR120.dll:MSVCR120.dll (00007FFB76130000), size: 978944 (result: 0), SymType: '-deferred-', PDB: '', fileVersion: 12.0.40664.0
C:\Windows\SYSTEM32\MSVCP120.dll:MSVCP120.dll (00007FFB76220000), size: 679936 (result: 0), SymType: '-deferred-', PDB: '', fileVersion: 12.0.40664.0
C:\Program Files\Unity\Hub\Editor\2021.3.14f1\Editor\OpenRL_pthread.dll:OpenRL_pthread.dll (0000024FDE8E0000), size: 61440 (result: 0), SymType: '-deferred-', PDB: '', fileVersion: 2.9.0.0
C:\Windows\SYSTEM32\MSASN1.dll:MSASN1.dll (00007FFC197B0000), size: 77824 (result: 0), SymType: '-deferred-', PDB: '', fileVersion: 10.0.26100.6899
C:\Windows\SYSTEM32\CRYPTSP.dll:CRYPTSP.dll (00007FFC19750000), size: 110592 (result: 0), SymType: '-deferred-', PDB: '', fileVersion: 10.0.26100.6899
C:\Windows\system32\rsaenh.dll:rsaenh.dll (00007FFC18D80000), size: 241664 (result: 0), SymType: '-deferred-', PDB: '', fileVersion: 10.0.26100.6725
C:\Windows\SYSTEM32\CRYPTBASE.dll:CRYPTBASE.dll (00007FFC195B0000), size: 49152 (result: 0), SymType: '-deferred-', PDB: '', fileVersion: 10.0.26100.6899
C:\Windows\System32\bcryptPrimitives.dll:bcryptPrimitives.dll (00007FFC1A700000), size: 622592 (result: 0), SymType: '-deferred-', PDB: '', fileVersion: 10.0.26100.6899
C:\Windows\SYSTEM32\MSWSOCK.DLL:MSWSOCK.DLL (00007FFC19370000), size: 438272 (result: 0), SymType: '-deferred-', PDB: '', fileVersion: 10.0.26100.6725
C:\Windows\SYSTEM32\cfgmgr32.DLL:cfgmgr32.DLL (00007FFC19D30000), size: 356352 (result: 0), SymType: '-deferred-', PDB: '', fileVersion: 10.0.26100.4202
C:\Windows\SYSTEM32\kernel.appcore.dll:kernel.appcore.dll (00007FFC18E20000), size: 110592 (result: 0), SymType: '-deferred-', PDB: '', fileVersion: 10.0.26100.6725
C:\Windows\system32\uxtheme.dll:uxtheme.dll (00007FFC17380000), size: 696320 (result: 0), SymType: '-deferred-', PDB: '', fileVersion: 10.0.26100.6725
C:\Windows\System32\shcore.dll:shcore.dll (00007FFC1ACD0000), size: 991232 (result: 0), SymType: '-deferred-', PDB: '', fileVersion: 10.0.26100.6899
C:\Windows\SYSTEM32\windows.storage.dll:windows.storage.dll (00007FFC17CC0000), size: 8769536 (result: 0), SymType: '-deferred-', PDB: '', fileVersion: 10.0.26100.6899
C:\Windows\SYSTEM32\profapi.dll:profapi.dll (00007FFC19FB0000), size: 167936 (result: 0), SymType: '-deferred-', PDB: '', fileVersion: 10.0.26100.4768
C:\Windows\System32\clbcatq.dll:clbcatq.dll (00007FFC1C430000), size: 724992 (result: 0), SymType: '-deferred-', PDB: '', fileVersion: 2001.12.10941.16384
C:\Windows\system32\wbem\wbemprox.dll:wbemprox.dll (00007FFC11080000), size: 73728 (result: 0), SymType: '-deferred-', PDB: '', fileVersion: 10.0.26100.6725
C:\Windows\SYSTEM32\wbemcomn.dll:wbemcomn.dll (00007FFC13960000), size: 499712 (result: 0), SymType: '-deferred-', PDB: '', fileVersion: 10.0.26100.5074
C:\Windows\system32\wbem\wbemsvc.dll:wbemsvc.dll (00007FFC0C630000), size: 86016 (result: 0), SymType: '-deferred-', PDB: '', fileVersion: 10.0.26100.6725
C:\Windows\system32\wbem\fastprox.dll:fastprox.dll (00007FFC0C660000), size: 983040 (result: 0), SymType: '-deferred-', PDB: '', fileVersion: 10.0.26100.5074
C:\Windows\SYSTEM32\amsi.dll:amsi.dll (00007FFC0B520000), size: 118784 (result: 0), SymType: '-deferred-', PDB: '', fileVersion: 10.0.26100.5074
C:\Windows\System32\imagehlp.dll:imagehlp.dll (00007FFC1C870000), size: 131072 (result: 0), SymType: '-deferred-', PDB: '', fileVersion: 10.0.26100.4202
C:\Windows\SYSTEM32\gpapi.dll:gpapi.dll (00007FFC193E0000), size: 159744 (result: 0), SymType: '-deferred-', PDB: '', fileVersion: 10.0.26100.3323
C:\Windows\System32\cryptnet.dll:cryptnet.dll (00007FFC00840000), size: 241664 (result: 0), SymType: '-deferred-', PDB: '', fileVersion: 10.0.26100.3624
C:\Windows\SYSTEM32\WINNSI.DLL:WINNSI.DLL (00007FFC17310000), size: 61440 (result: 0), SymType: '-deferred-', PDB: '', fileVersion: 10.0.26100.6899
C:\Windows\System32\NSI.dll:NSI.dll (00007FFC1C8C0000), size: 40960 (result: 0), SymType: '-deferred-', PDB: '', fileVersion: 10.0.26100.6899
C:\Windows\system32\IconCodecService.dll:IconCodecService.dll (00007FFBA1DB0000), size: 45056 (result: 0), SymType: '-deferred-', PDB: '', fileVersion: 10.0.26100.1
C:\Windows\SYSTEM32\WindowsCodecs.dll:WindowsCodecs.dll (00007FFC15710000), size: 2293760 (result: 0), SymType: '-deferred-', PDB: '', fileVersion: 10.0.26100.6899
C:\Windows\System32\netprofm.dll:netprofm.dll (00007FFC14B80000), size: 442368 (result: 0), SymType: '-deferred-', PDB: '', fileVersion: 10.0.26100.5074
C:\Windows\System32\npmproxy.dll:npmproxy.dll (00007FFC12EB0000), size: 102400 (result: 0), SymType: '-deferred-', PDB: '', fileVersion: 10.0.26100.1150
C:\Windows\SYSTEM32\dbghelp.dll:dbghelp.dll (00007FFBDF1E0000), size: 2367488 (result: 0), SymType: '-deferred-', PDB: '', fileVersion: 10.0.26100.5074

========== OUTPUTTING STACK TRACE ==================

0x00007FFC1A99804A (KERNELBASE) RaiseException
0x00007FF6CF928C3B (Unity) EditorMonoConsole::LogToConsoleImplementation
0x00007FF6CF92972D (Unity) EditorMonoConsole::LogToConsoleImplementation
0x00007FF6D0555397 (Unity) DebugStringToFilePostprocessedStacktrace
0x00007FF6D0554AED (Unity) DebugStringToFile
0x00007FF6CFA3DDF4 (Unity) HandleProjectAlreadyOpenInAnotherInstance
0x00007FF6CFA40A07 (Unity) Application::InitializeProject
0x00007FF6CFEA3F58 (Unity) WinMain
0x00007FF6D1264BFE (Unity) __scrt_common_main_seh
0x00007FFC1C59E8D7 (KERNEL32) BaseThreadInitThunk
0x00007FFC1CF8C53C (ntdll) RtlUserThreadStart

========== END OF STACKTRACE ===========

A crash has been intercepted by the crash handler. For call stack and other details, see the latest crash report generated in:
 * C:/Users/ADMINI~1/AppData/Local/Temp/Unity/Editor/Crashes
